<?xml version="1.0" encoding="utf-8"?>
<csp>
    <problem>
        <metadata>
            <name>Test problem</name>
            <author>Victor Balabanov</author>
            <date>2013-03-05 18:32</date>
            <description>This problem is used in unit tests.</description>
        </metadata>

        <constraints>
            <allowed-cuts>10</allowed-cuts>
        </constraints>

        <orders>
            <order id="order1">
                <strip>
                    <length>500</length>
                    <width>50</width>
                </strip>
            </order>
            <order id="order2">
                <strip>
                    <length>400</length>
                    <width>40</width>
                </strip>
            </order>
            <order id="order3">
                <strip>
                    <length>300</length>
                    <width>30</width>
                </strip>
            </order>
        </orders>

        <rolls>
            <roll id="roll1">
                <strip>
                    <length>300</length>
                    <width>200</width>
                </strip>
            </roll>

            <roll id="roll2" quantity="4">
                <strip>
                    <length>500</length>
                    <width>300</width>
                </strip>
            </roll>
        </rolls>
    </problem>

    <solutions>

        <solution>
            <patterns>
                <pattern>
                    <rolls>
                        <roll quantity="1" ref="roll1"/>
                    </rolls>

                    <cuts>
                        <cut quantity="1" ref="order2"/>
                        <cut quantity="1" ref="order3"/>
                    </cuts>
                </pattern>
                <pattern>
                    <rolls>
                        <roll quantity="1" ref="roll2"/>
                    </rolls>

                    <cuts>
                        <cut quantity="1" ref="order1"/>
                        <cut quantity="2" ref="order2"/>
                        <cut quantity="2" ref="order3"/>
                    </cuts>
                </pattern>
            </patterns>

        </solution>

        <solution>
            <patterns>
                <pattern>
                    <rolls>
                        <roll quantity="1" ref="roll1"/>
                    </rolls>

                    <cuts>
                        <cut quantity="1" ref="order1"/>
                        <cut quantity="1" ref="order2"/>
                    </cuts>
                </pattern>
                <pattern>
                    <rolls>
                        <roll quantity="1" ref="roll2"/>
                    </rolls>

                    <cuts>
                        <cut quantity="2" ref="order2"/>
                    </cuts>
                </pattern>
            </patterns>

        </solution>

    </solutions>

</csp>